\BOOKMARK [0][-]{chapter.1}{\376\377\000I\000n\000t\000r\000o\000d\000u\000c\000t\000i\000o\000n}{}% 1
\BOOKMARK [0][-]{chapter.2}{\376\377\000x\000S\000P\000D\000E\000\040\000s\000i\000m\000u\000l\000a\000t\000i\000o\000n\000s}{}% 2
\BOOKMARK [1][-]{section.2.1}{\376\377\000R\000u\000n\000n\000i\000n\000g\000\040\000x\000S\000P\000D\000E\000\040\000i\000n\000t\000e\000r\000a\000c\000t\000i\000v\000e\000l\000y}{chapter.2}% 3
\BOOKMARK [1][-]{section.2.2}{\376\377\000I\000n\000p\000u\000t\000s}{chapter.2}% 4
\BOOKMARK [1][-]{section.2.3}{\376\377\000T\000h\000e\000\040\000r\000a\000n\000d\000o\000m\000\040\000w\000a\000l\000k}{chapter.2}% 5
\BOOKMARK [1][-]{section.2.4}{\376\377\000L\000a\000s\000e\000r\000\040\000q\000u\000a\000n\000t\000u\000m\000\040\000n\000o\000i\000s\000e}{chapter.2}% 6
\BOOKMARK [1][-]{section.2.5}{\376\377\000F\000o\000u\000r\000i\000e\000r\000\040\000t\000r\000a\000n\000s\000f\000o\000r\000m\000s\000\040\000a\000n\000d\000\040\000s\000p\000e\000c\000t\000r\000a}{chapter.2}% 7
\BOOKMARK [1][-]{section.2.6}{\376\377\000I\000t\000o\000\040\000a\000n\000d\000\040\000S\000t\000r\000a\000t\000o\000n\000o\000v\000i\000c\000h}{chapter.2}% 8
\BOOKMARK [1][-]{section.2.7}{\376\377\000F\000i\000n\000a\000n\000c\000i\000a\000l\000\040\000c\000a\000l\000c\000u\000l\000u\000s}{chapter.2}% 9
\BOOKMARK [0][-]{chapter.3}{\376\377\000x\000S\000P\000D\000E\000\040\000P\000r\000o\000j\000e\000c\000t\000s\000\040}{}% 10
\BOOKMARK [1][-]{section.3.1}{\376\377\000E\000n\000s\000e\000m\000b\000l\000e\000s\000\040\000a\000n\000d\000\040\000s\000a\000m\000p\000l\000i\000n\000g\000\040\000e\000r\000r\000o\000r\000s}{chapter.3}% 11
\BOOKMARK [1][-]{section.3.2}{\376\377\000x\000S\000I\000M\000\040\000a\000n\000d\000\040\000x\000G\000R\000A\000P\000H}{chapter.3}% 12
\BOOKMARK [1][-]{section.3.3}{\376\377\000K\000u\000b\000o\000\040\000p\000r\000o\000j\000e\000c\000t}{chapter.3}% 13
\BOOKMARK [1][-]{section.3.4}{\376\377\000O\000p\000e\000n\000\040\000s\000y\000s\000t\000e\000m}{chapter.3}% 14
\BOOKMARK [1][-]{section.3.5}{\376\377\000C\000h\000a\000l\000l\000e\000n\000g\000e\000\040\000p\000r\000o\000b\000l\000e\000m\000\040\000\043\0001}{chapter.3}% 15
\BOOKMARK [0][-]{chapter.4}{\376\377\000S\000t\000o\000c\000h\000a\000s\000t\000i\000c\000\040\000P\000D\000E\000s}{}% 16
\BOOKMARK [1][-]{section.4.1}{\376\377\000C\000o\000o\000r\000d\000i\000n\000a\000t\000e\000s\000\040\000a\000n\000d\000\040\000b\000o\000u\000n\000d\000a\000r\000y\000\040\000c\000o\000n\000d\000i\000t\000i\000o\000n\000s}{chapter.4}% 17
\BOOKMARK [1][-]{section.4.2}{\376\377\000S\000t\000o\000c\000h\000a\000s\000t\000i\000c\000\040\000G\000i\000n\000z\000b\000u\000r\000g\000-\000L\000a\000n\000d\000a\000u\000\040\000e\000q\000u\000a\000t\000i\000o\000n}{chapter.4}% 18
\BOOKMARK [1][-]{section.4.3}{\376\377\000S\000o\000l\000i\000t\000o\000n}{chapter.4}% 19
\BOOKMARK [1][-]{section.4.4}{\376\377\000G\000a\000u\000s\000s\000i\000a\000n\000\040\000d\000i\000f\000f\000r\000a\000c\000t\000i\000o\000n}{chapter.4}% 20
\BOOKMARK [1][-]{section.4.5}{\376\377\000P\000l\000a\000n\000a\000r\000\040\000n\000o\000i\000s\000e}{chapter.4}% 21
\BOOKMARK [1][-]{section.4.6}{\376\377\000C\000h\000a\000r\000a\000c\000t\000e\000r\000i\000s\000t\000i\000c\000\040\000e\000q\000u\000a\000t\000i\000o\000n}{chapter.4}% 22
\BOOKMARK [1][-]{section.4.7}{\376\377\000C\000h\000a\000l\000l\000e\000n\000g\000e\000\040\000p\000r\000o\000b\000l\000e\000m\000\040\000\043\0002}{chapter.4}% 23
\BOOKMARK [0][-]{chapter.5}{\376\377\000L\000o\000g\000i\000c\000\040\000a\000n\000d\000\040\000d\000a\000t\000a}{}% 24
\BOOKMARK [1][-]{section.5.1}{\376\377\000S\000i\000m\000u\000l\000a\000t\000i\000o\000n\000\040\000f\000u\000n\000c\000t\000i\000o\000n\000,\000\040\000x\000s\000i\000m}{chapter.5}% 25
\BOOKMARK [1][-]{section.5.2}{\376\377\000A\000r\000r\000a\000y\000s\000\040\000a\000n\000d\000\040\000e\000r\000r\000o\000r\000s}{chapter.5}% 26
\BOOKMARK [1][-]{section.5.3}{\376\377\000G\000r\000a\000p\000h\000i\000c\000s\000\040\000f\000u\000n\000c\000t\000i\000o\000n\000,\000\040\000x\000g\000r\000a\000p\000h}{chapter.5}% 27
\BOOKMARK [1][-]{section.5.4}{\376\377\000O\000b\000j\000e\000c\000t\000\040\000a\000r\000c\000h\000i\000t\000e\000c\000t\000u\000r\000e}{chapter.5}% 28
\BOOKMARK [0][-]{chapter.6}{\376\377\000x\000S\000P\000D\000E\000\040\000m\000e\000t\000a\000d\000a\000t\000a}{}% 29
\BOOKMARK [1][-]{section.6.1}{\376\377\000S\000i\000m\000u\000l\000a\000t\000i\000o\000n\000\040\000d\000a\000t\000a}{chapter.6}% 30
\BOOKMARK [1][-]{section.6.2}{\376\377\000I\000n\000t\000e\000r\000n\000a\000l\000\040\000d\000a\000t\000a}{chapter.6}% 31
\BOOKMARK [1][-]{section.6.3}{\376\377\000G\000r\000a\000p\000h\000i\000c\000s\000\040\000d\000a\000t\000a}{chapter.6}% 32
