This is pdfTeX, Version 3.141592653-2.6-1.40.25 (TeX Live 2023) (preloaded format=pdflatex 2023.8.3)  24 FEB 2024 17:45
entering extended mode
 restricted \write18 enabled.
 file:line:error style messages enabled.
 %&-line parsing enabled.
**xSPDE4_users_guide.tex
(./xSPDE4_users_guide.tex
LaTeX2e <2022-11-01> patch level 1
L3 programming layer <2023-02-22>
(/usr/local/texlive/2023/texmf-dist/tex/latex/koma-script/scrbook.cls
Document Class: scrbook 2022/10/12 v3.38 KOMA-Script document class (book)
(/usr/local/texlive/2023/texmf-dist/tex/latex/koma-script/scrkbase.sty
Package: scrkbase 2022/10/12 v3.38 KOMA-Script package (KOMA-Script-dependent b
asics and keyval usage)

(/usr/local/texlive/2023/texmf-dist/tex/latex/koma-script/scrbase.sty
Package: scrbase 2022/10/12 v3.38 KOMA-Script package (KOMA-Script-independent 
basics and keyval usage)

(/usr/local/texlive/2023/texmf-dist/tex/latex/koma-script/scrlfile.sty
Package: scrlfile 2022/10/12 v3.38 KOMA-Script package (file load hooks)

(/usr/local/texlive/2023/texmf-dist/tex/latex/koma-script/scrlfile-hook.sty
Package: scrlfile-hook 2022/10/12 v3.38 KOMA-Script package (using LaTeX hooks)


(/usr/local/texlive/2023/texmf-dist/tex/latex/koma-script/scrlogo.sty
Package: scrlogo 2022/10/12 v3.38 KOMA-Script package (logo)
)))
(/usr/local/texlive/2023/texmf-dist/tex/latex/graphics/keyval.sty
Package: keyval 2022/05/29 v1.15 key=value parser (DPC)
\KV@toks@=\toks16
)
Applying: [2021/05/01] Usage of raw or classic option list on input line 252.
Already applied: [0000/00/00] Usage of raw or classic option list on input line
 368.
))
(/usr/local/texlive/2023/texmf-dist/tex/latex/koma-script/tocbasic.sty
Package: tocbasic 2022/10/12 v3.38 KOMA-Script package (handling toc-files)
\scr@dte@tocline@numberwidth=\skip48
\scr@dte@tocline@numbox=\box51
)
Package tocbasic Info: omitting babel extension for `toc'
(tocbasic)             because of feature `nobabel' available
(tocbasic)             for `toc' on input line 137.
Class scrbook Info: You've used standard option `oneside'.
(scrbook)           This is correct!
(scrbook)           Internally I'm using `twoside=false'.
(scrbook)           If you'd like to set the option with \KOMAoptions,
(scrbook)           you'd have to use `twoside=false' there
(scrbook)           instead of `oneside', too.
Class scrbook Info: File `scrsize11pt.clo' used instead of
(scrbook)           file `scrsize11.clo' to setup font sizes on input line 2617
.

(/usr/local/texlive/2023/texmf-dist/tex/latex/koma-script/scrsize11pt.clo
File: scrsize11pt.clo 2022/10/12 v3.38 KOMA-Script font size class option (11pt
)
)
(/usr/local/texlive/2023/texmf-dist/tex/latex/koma-script/typearea.sty
Package: typearea 2022/10/12 v3.38 KOMA-Script package (type area)
\ta@bcor=\skip49
\ta@div=\count185
Package typearea Info: You've used standard option `oneside'.
(typearea)             This is correct!
(typearea)             Internally I'm using `twoside=false'.
(typearea)             If you'd like to set the option with \KOMAoptions,
(typearea)             you'd have to use `twoside=false' there
(typearea)             instead of `oneside', too.
\ta@hblk=\skip50
\ta@vblk=\skip51
\ta@temp=\skip52
\footheight=\skip53
Package typearea Info: These are the values describing the layout:
(typearea)             DIV  = 10
(typearea)             BCOR = 0.0pt
(typearea)             \paperwidth      = 597.50793pt
(typearea)              \textwidth      = 418.25555pt
(typearea)              DIV departure   = -6%
(typearea)              \evensidemargin = 17.3562pt
(typearea)              \oddsidemargin  = 17.3562pt
(typearea)             \paperheight     = 845.04694pt
(typearea)              \textheight     = 595.80026pt
(typearea)              \topmargin      = -25.16531pt
(typearea)              \headheight     = 17.0pt
(typearea)              \headsep        = 20.40001pt
(typearea)              \topskip        = 11.0pt
(typearea)              \footskip       = 47.6pt
(typearea)              \baselineskip   = 13.6pt
(typearea)              on input line 1767.
)
\c@part=\count186
\c@chapter=\count187
\c@section=\count188
\c@subsection=\count189
\c@subsubsection=\count190
\c@paragraph=\count191
\c@subparagraph=\count192
\scr@dte@chapter@maxnumwidth=\skip54
Class scrbook Info: using compatibility default `afterindent=bysign'
(scrbook)           for `\chapter on input line 5898.
\scr@dte@section@maxnumwidth=\skip55
Class scrbook Info: using compatibility default `runin=bysign'
(scrbook)           for `\section on input line 5909.
Class scrbook Info: using compatibility default `afterindent=bysign'
(scrbook)           for `\section on input line 5909.
\scr@dte@part@maxnumwidth=\skip56
Class scrbook Info: using compatibility default `afterindent=true'
(scrbook)           for `\part on input line 5918.
\scr@dte@subsection@maxnumwidth=\skip57
Class scrbook Info: using compatibility default `runin=bysign'
(scrbook)           for `\subsection on input line 5928.
Class scrbook Info: using compatibility default `afterindent=bysign'
(scrbook)           for `\subsection on input line 5928.
\scr@dte@subsubsection@maxnumwidth=\skip58
Class scrbook Info: using compatibility default `runin=bysign'
(scrbook)           for `\subsubsection on input line 5938.
Class scrbook Info: using compatibility default `afterindent=bysign'
(scrbook)           for `\subsubsection on input line 5938.
\scr@dte@paragraph@maxnumwidth=\skip59
Class scrbook Info: using compatibility default `runin=bysign'
(scrbook)           for `\paragraph on input line 5949.
Class scrbook Info: using compatibility default `afterindent=bysign'
(scrbook)           for `\paragraph on input line 5949.
\scr@dte@subparagraph@maxnumwidth=\skip60
Class scrbook Info: using compatibility default `runin=bysign'
(scrbook)           for `\subparagraph on input line 5959.
Class scrbook Info: using compatibility default `afterindent=bysign'
(scrbook)           for `\subparagraph on input line 5959.
\abovecaptionskip=\skip61
\belowcaptionskip=\skip62
\c@pti@nb@sid@b@x=\box52
Package tocbasic Info: omitting babel extension for `lof'
(tocbasic)             because of feature `nobabel' available
(tocbasic)             for `lof' on input line 7142.
\scr@dte@figure@maxnumwidth=\skip63
\c@figure=\count193
Package tocbasic Info: omitting babel extension for `lot'
(tocbasic)             because of feature `nobabel' available
(tocbasic)             for `lot' on input line 7159.
\scr@dte@table@maxnumwidth=\skip64
\c@table=\count194
Class scrbook Info: Redefining `\numberline' on input line 7330.
\bibindent=\dimen140
)
(/usr/local/texlive/2023/texmf-dist/tex/latex/base/inputenc.sty
Package: inputenc 2021/02/14 v1.3d Input encoding file
\inpenc@prehook=\toks17
\inpenc@posthook=\toks18
)
(/usr/local/texlive/2023/texmf-dist/tex/latex/graphics/color.sty
Package: color 2022/01/06 v1.3d Standard LaTeX Color (DPC)

(/usr/local/texlive/2023/texmf-dist/tex/latex/graphics-cfg/color.cfg
File: color.cfg 2016/01/02 v1.6 sample color configuration
)
Package color Info: Driver file: pdftex.def on input line 149.

(/usr/local/texlive/2023/texmf-dist/tex/latex/graphics-def/pdftex.def
File: pdftex.def 2022/09/22 v1.2b Graphics/color driver for pdftex
)
(/usr/local/texlive/2023/texmf-dist/tex/latex/graphics/mathcolor.ltx))
(/usr/local/texlive/2023/texmf-dist/tex/generic/babel/babel.sty
Package: babel 2023/02/13 3.86 The Babel package
\babel@savecnt=\count195
\U@D=\dimen141
\l@unhyphenated=\language87

(/usr/local/texlive/2023/texmf-dist/tex/generic/babel/txtbabel.def)
\bbl@readstream=\read2
\bbl@dirlevel=\count196

(/usr/local/texlive/2023/texmf-dist/tex/generic/babel-english/english.ldf
Language: english 2017/06/06 v3.3r English support from the babel system
Package babel Info: Hyphen rules for 'canadian' set to \l@english
(babel)             (\language0). Reported on input line 102.
Package babel Info: Hyphen rules for 'australian' set to \l@ukenglish
(babel)             (\language21). Reported on input line 105.
Package babel Info: Hyphen rules for 'newzealand' set to \l@ukenglish
(babel)             (\language21). Reported on input line 108.
))
(/usr/local/texlive/2023/texmf-dist/tex/generic/babel/locale/en/babel-english.t
ex
Package babel Info: Importing font and identification data for english
(babel)             from babel-en.ini. Reported on input line 11.
) (/usr/local/texlive/2023/texmf-dist/tex/latex/float/float.sty
Package: float 2001/11/08 v1.3d Float enhancements (AL)
\c@float@type=\count197
\float@exts=\toks19
\float@box=\box53
\@float@everytoks=\toks20
\@floatcapt=\box54
)
(/usr/local/texlive/2023/texmf-dist/tex/latex/fancybox/fancybox.sty
Package: fancybox 2010/05/15 1.4

Style option: `fancybox' v1.4 <2010/05/15> (tvz)
\@fancybox=\box55
\shadowsize=\dimen142
\@Sbox=\box56
\do@VerbBox=\toks21
\the@fancyput=\toks22
\this@fancyput=\toks23
\EndVerbatimTokens=\toks24
\Verbatim@Outfile=\write3
\Verbatim@Infile=\read3
) (/usr/local/texlive/2023/texmf-dist/tex/latex/tools/calc.sty
Package: calc 2017/05/25 v4.3 Infix arithmetic (KKT,FJ)
\calc@Acount=\count198
\calc@Bcount=\count199
\calc@Adimen=\dimen143
\calc@Bdimen=\dimen144
\calc@Askip=\skip65
\calc@Bskip=\skip66
LaTeX Info: Redefining \setlength on input line 80.
LaTeX Info: Redefining \addtolength on input line 81.
\calc@Ccount=\count266
\calc@Cskip=\skip67
)
(/usr/local/texlive/2023/texmf-dist/tex/latex/tools/bm.sty
Package: bm 2022/01/05 v1.2f Bold Symbol Support (DPC/FMi)
\symboldoperators=\mathgroup4
\symboldletters=\mathgroup5
\symboldsymbols=\mathgroup6
Package bm Info: No bold for \OMX/cmex/m/n, using \pmb.
LaTeX Font Info:    Redeclaring math alphabet \mathbf on input line 149.
)
(/usr/local/texlive/2023/texmf-dist/tex/latex/amsmath/amsmath.sty
Package: amsmath 2022/04/08 v2.17n AMS math features
\@mathmargin=\skip68

For additional information on amsmath, use the `?' option.
(/usr/local/texlive/2023/texmf-dist/tex/latex/amsmath/amstext.sty
Package: amstext 2021/08/26 v2.01 AMS text

(/usr/local/texlive/2023/texmf-dist/tex/latex/amsmath/amsgen.sty
File: amsgen.sty 1999/11/30 v2.0 generic functions
\@emptytoks=\toks25
\ex@=\dimen145
))
(/usr/local/texlive/2023/texmf-dist/tex/latex/amsmath/amsbsy.sty
Package: amsbsy 1999/11/29 v1.2d Bold Symbols
LaTeX Info: Redefining \boldsymbol on input line 28.
\pmbraise@=\dimen146
)
(/usr/local/texlive/2023/texmf-dist/tex/latex/amsmath/amsopn.sty
Package: amsopn 2022/04/08 v2.04 operator names
)
\inf@bad=\count267
LaTeX Info: Redefining \frac on input line 234.
\uproot@=\count268
\leftroot@=\count269
LaTeX Info: Redefining \overline on input line 399.
LaTeX Info: Redefining \colon on input line 410.
\classnum@=\count270
\DOTSCASE@=\count271
LaTeX Info: Redefining \ldots on input line 496.
LaTeX Info: Redefining \dots on input line 499.
LaTeX Info: Redefining \cdots on input line 620.
\Mathstrutbox@=\box57
\strutbox@=\box58
LaTeX Info: Redefining \big on input line 722.
LaTeX Info: Redefining \Big on input line 723.
LaTeX Info: Redefining \bigg on input line 724.
LaTeX Info: Redefining \Bigg on input line 725.
\big@size=\dimen147
LaTeX Font Info:    Redeclaring font encoding OML on input line 743.
LaTeX Font Info:    Redeclaring font encoding OMS on input line 744.
\macc@depth=\count272
LaTeX Info: Redefining \bmod on input line 905.
LaTeX Info: Redefining \pmod on input line 910.
LaTeX Info: Redefining \smash on input line 940.
LaTeX Info: Redefining \relbar on input line 970.
LaTeX Info: Redefining \Relbar on input line 971.
\c@MaxMatrixCols=\count273
\dotsspace@=\muskip16
\c@parentequation=\count274
\dspbrk@lvl=\count275
\tag@help=\toks26
\row@=\count276
\column@=\count277
\maxfields@=\count278
\andhelp@=\toks27
\eqnshift@=\dimen148
\alignsep@=\dimen149
\tagshift@=\dimen150
\tagwidth@=\dimen151
\totwidth@=\dimen152
\lineht@=\dimen153
\@envbody=\toks28
\multlinegap=\skip69
\multlinetaggap=\skip70
\mathdisplay@stack=\toks29
LaTeX Info: Redefining \[ on input line 2953.
LaTeX Info: Redefining \] on input line 2954.
)
(/usr/local/texlive/2023/texmf-dist/tex/latex/graphics/graphicx.sty
Package: graphicx 2021/09/16 v1.2d Enhanced LaTeX Graphics (DPC,SPQR)

(/usr/local/texlive/2023/texmf-dist/tex/latex/graphics/graphics.sty
Package: graphics 2022/03/10 v1.4e Standard LaTeX Graphics (DPC,SPQR)

(/usr/local/texlive/2023/texmf-dist/tex/latex/graphics/trig.sty
Package: trig 2021/08/11 v1.11 sin cos tan (DPC)
)
(/usr/local/texlive/2023/texmf-dist/tex/latex/graphics-cfg/graphics.cfg
File: graphics.cfg 2016/06/04 v1.11 sample graphics configuration
)
Package graphics Info: Driver file: pdftex.def on input line 107.
)
\Gin@req@height=\dimen154
\Gin@req@width=\dimen155
)
(/usr/local/texlive/2023/texmf-dist/tex/latex/esint/esint.sty
Package: esint 
\symlargesymbolsA=\mathgroup7
)
(/usr/local/texlive/2023/texmf-dist/tex/latex/hyperref/hyperref.sty
Package: hyperref 2023-02-07 v7.00v Hypertext links for LaTeX

(/usr/local/texlive/2023/texmf-dist/tex/generic/ltxcmds/ltxcmds.sty
Package: ltxcmds 2020-05-10 v1.25 LaTeX kernel commands for general use (HO)
)
(/usr/local/texlive/2023/texmf-dist/tex/generic/iftex/iftex.sty
Package: iftex 2022/02/03 v1.0f TeX engine tests
)
(/usr/local/texlive/2023/texmf-dist/tex/generic/pdftexcmds/pdftexcmds.sty
Package: pdftexcmds 2020-06-27 v0.33 Utility functions of pdfTeX for LuaTeX (HO
)

(/usr/local/texlive/2023/texmf-dist/tex/generic/infwarerr/infwarerr.sty
Package: infwarerr 2019/12/03 v1.5 Providing info/warning/error messages (HO)
)
Package pdftexcmds Info: \pdf@primitive is available.
Package pdftexcmds Info: \pdf@ifprimitive is available.
Package pdftexcmds Info: \pdfdraftmode found.
)
(/usr/local/texlive/2023/texmf-dist/tex/latex/kvsetkeys/kvsetkeys.sty
Package: kvsetkeys 2022-10-05 v1.19 Key value parser (HO)
)
(/usr/local/texlive/2023/texmf-dist/tex/generic/kvdefinekeys/kvdefinekeys.sty
Package: kvdefinekeys 2019-12-19 v1.6 Define keys (HO)
)
(/usr/local/texlive/2023/texmf-dist/tex/generic/pdfescape/pdfescape.sty
Package: pdfescape 2019/12/09 v1.15 Implements pdfTeX's escape features (HO)
)
(/usr/local/texlive/2023/texmf-dist/tex/latex/hycolor/hycolor.sty
Package: hycolor 2020-01-27 v1.10 Color options for hyperref/bookmark (HO)
)
(/usr/local/texlive/2023/texmf-dist/tex/latex/letltxmacro/letltxmacro.sty
Package: letltxmacro 2019/12/03 v1.6 Let assignment for LaTeX macros (HO)
)
(/usr/local/texlive/2023/texmf-dist/tex/latex/auxhook/auxhook.sty
Package: auxhook 2019-12-17 v1.6 Hooks for auxiliary files (HO)
)
(/usr/local/texlive/2023/texmf-dist/tex/latex/hyperref/nameref.sty
Package: nameref 2022-05-17 v2.50 Cross-referencing by name of section

(/usr/local/texlive/2023/texmf-dist/tex/latex/refcount/refcount.sty
Package: refcount 2019/12/15 v3.6 Data extraction from label references (HO)
)
(/usr/local/texlive/2023/texmf-dist/tex/generic/gettitlestring/gettitlestring.s
ty
Package: gettitlestring 2019/12/15 v1.6 Cleanup title references (HO)
 (/usr/local/texlive/2023/texmf-dist/tex/latex/kvoptions/kvoptions.sty
Package: kvoptions 2022-06-15 v3.15 Key value format for package options (HO)
))
\c@section@level=\count279
)
\@linkdim=\dimen156
\Hy@linkcounter=\count280
\Hy@pagecounter=\count281

(/usr/local/texlive/2023/texmf-dist/tex/latex/hyperref/pd1enc.def
File: pd1enc.def 2023-02-07 v7.00v Hyperref: PDFDocEncoding definition (HO)
Now handling font encoding PD1 ...
... no UTF-8 mapping file for font encoding PD1
)
(/usr/local/texlive/2023/texmf-dist/tex/generic/intcalc/intcalc.sty
Package: intcalc 2019/12/15 v1.3 Expandable calculations with integers (HO)
)
(/usr/local/texlive/2023/texmf-dist/tex/generic/etexcmds/etexcmds.sty
Package: etexcmds 2019/12/15 v1.7 Avoid name clashes with e-TeX commands (HO)
)
\Hy@SavedSpaceFactor=\count282

(/usr/local/texlive/2023/texmf-dist/tex/latex/hyperref/puenc.def
File: puenc.def 2023-02-07 v7.00v Hyperref: PDF Unicode definition (HO)
Now handling font encoding PU ...
... no UTF-8 mapping file for font encoding PU
)
Package hyperref Info: Option `unicode' set `true' on input line 4060.
Package hyperref Info: Option `pdfusetitle' set `true' on input line 4060.
Package hyperref Info: Option `bookmarks' set `true' on input line 4060.
Package hyperref Info: Option `bookmarksnumbered' set `false' on input line 406
0.
Package hyperref Info: Option `bookmarksopen' set `false' on input line 4060.
Package hyperref Info: Option `breaklinks' set `false' on input line 4060.
Package hyperref Info: Option `colorlinks' set `false' on input line 4060.
Package hyperref Info: Hyper figures OFF on input line 4177.
Package hyperref Info: Link nesting OFF on input line 4182.
Package hyperref Info: Hyper index ON on input line 4185.
Package hyperref Info: Plain pages OFF on input line 4192.
Package hyperref Info: Backreferencing ON on input line 4195.
Package hyperref Info: Implicit mode ON; LaTeX internals redefined.
Package hyperref Info: Bookmarks ON on input line 4425.

(/usr/local/texlive/2023/texmf-dist/tex/latex/hyperref/backref.sty
Package: backref 2021/02/04 v1.41 Bibliographical back referencing

(/usr/local/texlive/2023/texmf-dist/tex/latex/rerunfilecheck/rerunfilecheck.sty
Package: rerunfilecheck 2022-07-10 v1.10 Rerun checks for auxiliary files (HO)
(/usr/local/texlive/2023/texmf-dist/tex/latex/base/atveryend-ltx.sty
Package: atveryend-ltx 2020/08/19 v1.0a Emulation of the original atveryend pac
kage
with kernel methods
)
(/usr/local/texlive/2023/texmf-dist/tex/generic/uniquecounter/uniquecounter.sty
Package: uniquecounter 2019/12/15 v1.4 Provide unlimited unique counter (HO)
(/usr/local/texlive/2023/texmf-dist/tex/generic/bigintcalc/bigintcalc.sty
Package: bigintcalc 2019/12/15 v1.5 Expandable calculations on big integers (HO
)
))
Package uniquecounter Info: New unique counter `rerunfilecheck' on input line 2
85.
))
\c@Hy@tempcnt=\count283

(/usr/local/texlive/2023/texmf-dist/tex/latex/url/url.sty
\Urlmuskip=\muskip17
Package: url 2013/09/16  ver 3.4  Verb mode for urls, etc.
)
LaTeX Info: Redefining \url on input line 4763.
\XeTeXLinkMargin=\dimen157

(/usr/local/texlive/2023/texmf-dist/tex/generic/bitset/bitset.sty
Package: bitset 2019/12/09 v1.3 Handle bit-vector datatype (HO)
)
\Fld@menulength=\count284
\Field@Width=\dimen158
\Fld@charsize=\dimen159
Package hyperref Info: Hyper figures OFF on input line 6042.
Package hyperref Info: Link nesting OFF on input line 6047.
Package hyperref Info: Hyper index ON on input line 6050.
Package hyperref Info: backreferencing ON on input line 6055.
Package hyperref Info: Link coloring OFF on input line 6062.
Package hyperref Info: Link coloring with OCG OFF on input line 6067.
Package hyperref Info: PDF/A mode OFF on input line 6072.

(/usr/local/texlive/2023/texmf-dist/tex/latex/base/atbegshi-ltx.sty
Package: atbegshi-ltx 2021/01/10 v1.0c Emulation of the original atbegshi
package with kernel methods
)
\Hy@abspage=\count285
\c@Item=\count286
\c@Hfootnote=\count287
)
Package hyperref Info: Driver (autodetected): hpdftex.

(/usr/local/texlive/2023/texmf-dist/tex/latex/hyperref/hpdftex.def
File: hpdftex.def 2023-02-07 v7.00v Hyperref driver for pdfTeX
\Fld@listcount=\count288
\c@bookmark@seq@number=\count289
\Hy@SectionHShift=\skip71
)
(/usr/local/texlive/2023/texmf-dist/tex/latex/cite/cite.sty
LaTeX Info: Redefining \cite on input line 302.
LaTeX Info: Redefining \nocite on input line 332.
Package: cite 2015/02/27  v 5.5
)
(/usr/local/texlive/2023/texmf-dist/tex/latex/listings/listings.sty
\lst@mode=\count290
\lst@gtempboxa=\box59
\lst@token=\toks30
\lst@length=\count291
\lst@currlwidth=\dimen160
\lst@column=\count292
\lst@pos=\count293
\lst@lostspace=\dimen161
\lst@width=\dimen162
\lst@newlines=\count294
\lst@lineno=\count295
\lst@maxwidth=\dimen163

(/usr/local/texlive/2023/texmf-dist/tex/latex/listings/lstmisc.sty
File: lstmisc.sty 2023/02/27 1.9 (Carsten Heinz)
\c@lstnumber=\count296
\lst@skipnumbers=\count297
\lst@framebox=\box60
)
(/usr/local/texlive/2023/texmf-dist/tex/latex/listings/listings.cfg
File: listings.cfg 2023/02/27 1.9 listings configuration
))
Package: listings 2023/02/27 1.9 (Carsten Heinz)

(/usr/local/texlive/2023/texmf-dist/tex/latex/l3backend/l3backend-pdftex.def
File: l3backend-pdftex.def 2023-01-16 L3 backend support: PDF output (pdfTeX)
\l__color_backend_stack_int=\count298
\l__pdf_internal_box=\box61
)
(./xSPDE4_users_guide.aux)
\openout1 = `xSPDE4_users_guide.aux'.

LaTeX Font Info:    Checking defaults for OML/cmm/m/it on input line 45.
LaTeX Font Info:    ... okay on input line 45.
LaTeX Font Info:    Checking defaults for OMS/cmsy/m/n on input line 45.
LaTeX Font Info:    ... okay on input line 45.
LaTeX Font Info:    Checking defaults for OT1/cmr/m/n on input line 45.
LaTeX Font Info:    ... okay on input line 45.
LaTeX Font Info:    Checking defaults for T1/cmr/m/n on input line 45.
LaTeX Font Info:    ... okay on input line 45.
LaTeX Font Info:    Checking defaults for TS1/cmr/m/n on input line 45.
LaTeX Font Info:    ... okay on input line 45.
LaTeX Font Info:    Checking defaults for OMX/cmex/m/n on input line 45.
LaTeX Font Info:    ... okay on input line 45.
LaTeX Font Info:    Checking defaults for U/cmr/m/n on input line 45.
LaTeX Font Info:    ... okay on input line 45.
LaTeX Font Info:    Checking defaults for PD1/pdf/m/n on input line 45.
LaTeX Font Info:    ... okay on input line 45.
LaTeX Font Info:    Checking defaults for PU/pdf/m/n on input line 45.
LaTeX Font Info:    ... okay on input line 45.
Package scrbase Info: activating english \partname on input line 45.
Package scrbase Info: activating english \chaptername on input line 45.
Package scrbase Info: activating english \appendixname on input line 45.
Package scrbase Info: activating english \figurename on input line 45.
Package scrbase Info: activating english \tablename on input line 45.
Package scrbase Info: activating english \contentsname on input line 45.
Package scrbase Info: activating english \listfigurename on input line 45.
Package scrbase Info: activating english \listtablename on input line 45.
Package scrbase Info: activating english \bibname on input line 45.
Package scrbase Info: activating english \indexname on input line 45.

(/usr/local/texlive/2023/texmf-dist/tex/context/base/mkii/supp-pdf.mkii
[Loading MPS to PDF converter (version 2006.09.02).]
\scratchcounter=\count299
\scratchdimen=\dimen164
\scratchbox=\box62
\nofMPsegments=\count300
\nofMParguments=\count301
\everyMPshowfont=\toks31
\MPscratchCnt=\count302
\MPscratchDim=\dimen165
\MPnumerator=\count303
\makeMPintoPDFobject=\count304
\everyMPtoPDFconversion=\toks32
) (/usr/local/texlive/2023/texmf-dist/tex/latex/epstopdf-pkg/epstopdf-base.sty
Package: epstopdf-base 2020-01-24 v2.11 Base part for package epstopdf
Package epstopdf-base Info: Redefining graphics rule for `.eps' on input line 4
85.

(/usr/local/texlive/2023/texmf-dist/tex/latex/latexconfig/epstopdf-sys.cfg
File: epstopdf-sys.cfg 2010/07/13 v1.3 Configuration of (r)epstopdf for TeX Liv
e
))
Package hyperref Info: Link coloring OFF on input line 45.

(./xSPDE4_users_guide.out) (./xSPDE4_users_guide.out)
\@outlinefile=\write4
\openout4 = `xSPDE4_users_guide.out'.

Class scrbook Info: loading recommended package `bookmark'.
(scrbook)           Using `bookmark' together with `hyperref' is recommended,
(scrbook)           because of handling of possible bookmark level gaps.
(scrbook)           You can avoid loading `bookmark' with KOMA-Script option
(scrbook)           `bookmarkpackage=false' before \begin{document} and
(scrbook)           you can avoid this message adding:
(scrbook)             \usepackage{bookmark}
(scrbook)           before \begin{document} on input line 45.

(/usr/local/texlive/2023/texmf-dist/tex/latex/bookmark/bookmark.sty
Package: bookmark 2020-11-06 v1.29 PDF bookmarks (HO)

(/usr/local/texlive/2023/texmf-dist/tex/latex/bookmark/bkm-pdftex.def
File: bkm-pdftex.def 2020-11-06 v1.29 bookmark driver for pdfTeX (HO)
\BKM@id=\count305
))
\c@lstlisting=\count306
LaTeX Font Info:    Trying to load font information for U+esint on input line 4
9.

(/usr/local/texlive/2023/texmf-dist/tex/latex/esint/uesint.fd
File: uesint.fd 
) [1



{/usr/local/texlive/2023/texmf-var/fonts/map/pdftex/updmap/pdftex.map}] [2]
(./xSPDE4_users_guide.toc [3


] [4]
Overfull \hbox (2.82755pt too wide) detected at line 190
 []\OT1/cmss/bx/n/12 124
 []


Overfull \hbox (1.095pt too wide) detected at line 191
 []\OT1/cmss/bx/n/10.95 125
 []


Package tocbasic Warning: number width of section toc entries should be increas
ed!
(tocbasic)                Currently used number width = 27.98337pt,
(tocbasic)                Wanted number separation    = 4.37994pt,
(tocbasic)                Reserved number width       = 25.18509pt on input lin
e 218.


Overfull \hbox (2.79828pt too wide) detected at line 218
\OT1/cmr/m/n/10.95 10.10. 
 []


Package tocbasic Warning: number width of section toc entries should be increas
ed!
(tocbasic)                Currently used number width = 27.98337pt,
(tocbasic)                Wanted number separation    = 4.37994pt,
(tocbasic)                Reserved number width       = 25.18509pt on input lin
e 221.


Overfull \hbox (2.79828pt too wide) detected at line 221
\OT1/cmr/m/n/10.95 10.11. 
 []


Package tocbasic Warning: number width of section toc entries should be increas
ed!
(tocbasic)                Currently used number width = 27.98337pt,
(tocbasic)                Wanted number separation    = 4.37994pt,
(tocbasic)                Reserved number width       = 25.18509pt on input lin
e 224.


Overfull \hbox (2.79828pt too wide) detected at line 224
\OT1/cmr/m/n/10.95 10.12. 
 []


Overfull \hbox (1.095pt too wide) detected at line 231
 []\OT1/cmss/bx/n/10.95 147
 []


Package tocbasic Warning: number width of section toc entries should be increas
ed!
(tocbasic)                Currently used number width = 27.98337pt,
(tocbasic)                Wanted number separation    = 4.37994pt,
(tocbasic)                Reserved number width       = 25.18509pt on input lin
e 284.


Overfull \hbox (2.79828pt too wide) detected at line 284
\OT1/cmr/m/n/10.95 11.10. 
 []


Package tocbasic Warning: number width of section toc entries should be increas
ed!
(tocbasic)                Currently used number width = 27.98337pt,
(tocbasic)                Wanted number separation    = 4.37994pt,
(tocbasic)                Reserved number width       = 25.18509pt on input lin
e 299.


Overfull \hbox (2.79828pt too wide) detected at line 299
\OT1/cmr/m/n/10.95 11.11. 
 []


Package tocbasic Warning: number width of section toc entries should be increas
ed!
(tocbasic)                Currently used number width = 27.98337pt,
(tocbasic)                Wanted number separation    = 4.37994pt,
(tocbasic)                Reserved number width       = 25.18509pt on input lin
e 329.


Overfull \hbox (2.79828pt too wide) detected at line 329
\OT1/cmr/m/n/10.95 11.12. 
 []


Overfull \hbox (1.095pt too wide) detected at line 332
 []\OT1/cmss/bx/n/10.95 188
 []

[5])
\tf@toc=\write5
\openout5 = `xSPDE4_users_guide.toc'.

 [6]
chapter 1.

Class scrbook Warning: \float@addtolists detected!
(scrbook)              Implementation of \float@addtolist became
(scrbook)              deprecated in KOMA-Script v3.01 2008/11/14 and
(scrbook)              has been replaced by several more flexible
(scrbook)              features of package `tocbasic`.
(scrbook)              Since Version 3.12 support for deprecated
(scrbook)              \float@addtolist interface has been
(scrbook)              restricted to only some of the KOMA-Script
(scrbook)              features and been removed from others.
(scrbook)              Loading of package `scrhack' may help to
(scrbook)              avoid this warning, if you are using a
(scrbook)              a package that still implements the
(scrbook)              deprecated \float@addtolist interface.

[7


] [8] [9]
part I.
Package scrkbase Info: You've told me to use the font selection of the element
(scrkbase)             `partprefix' that is an alias of element `partnumber'
(scrkbase)              on input line 218.
[10


]
chapter 2.
[11


] [12{/usr/local/texlive/2023/texmf-dist/fonts/enc/dvips/cm-super/cm-super-ts1.
enc}] [13] [14] [15] [16] [17] [18] [19] [20] [21] [22]
chapter 3.

LaTeX Warning: Citation `gisin1992quantum' on page 23 undefined on input line 8
79.

[23


]

LaTeX Warning: Citation `pearle1979toward' on page 24 undefined on input line 9
22.


LaTeX Warning: Citation `Ghirardi1986PhysRevD.34.470' on page 24 undefined on i
nput line 922.


LaTeX Warning: Citation `gisin1992quantum' on page 24 undefined on input line 9
22.


LaTeX Warning: Citation `gisin1992quantum' on page 24 undefined on input line 9
58.

[24]

LaTeX Warning: Citation `rigo1997continuous' on page 25 undefined on input line
 971.

[25]

LaTeX Warning: Citation `Diosi1998PhysRevA.58.1699' on page 26 undefined on inp
ut line 1038.

[26] [27] [28]

LaTeX Warning: Reference `sec:Solving-with-MCWF' on page 29 undefined on input 
line 1205.


LaTeX Warning: Citation `mollow1975pure' on page 29 undefined on input line 120
9.


LaTeX Warning: Citation `Zoller1987' on page 29 undefined on input line 1209.


LaTeX Warning: Citation `Gardiner1992PhysRevA.46.4363' on page 29 undefined on 
input line 1209.


LaTeX Warning: Citation `molmer1993monte' on page 29 undefined on input line 12
09.


LaTeX Warning: Citation `Carmichael:1993' on page 29 undefined on input line 12
09.

[29] [30] [31] [32] [33] [34] [35] [36]

LaTeX Warning: Citation `marian1992higher' on page 37 undefined on input line 1
562.


LaTeX Warning: Reference `subsec:Squeezed-thermalised-state-example' on page 37
 undefined on input line 1583.

[37] [38]

LaTeX Warning: Citation `marian1992higher' on page 39 undefined on input line 1
672.


LaTeX Warning: Citation `marian1992higher' on page 39 undefined on input line 1
680.


LaTeX Warning: Reference `subsec:Squeezed-thermalised-state-example' on page 39
 undefined on input line 1688.

[39] [40] [41]
chapter 4.
[42


]

LaTeX Warning: Citation `Drummond_generalizedP1980' on page 43 undefined on inp
ut line 1894.

[43]
LaTeX Font Info:    Trying to load font information for OMS+cmr on input line 1
945.
 (/usr/local/texlive/2023/texmf-dist/tex/latex/base/omscmr.fd
File: omscmr.fd 2022/07/10 v2.5l Standard LaTeX font definitions
)
LaTeX Font Info:    Font shape `OMS/cmr/m/n' in size <10.95> not available
(Font)              Font shape `OMS/cmsy/m/n' tried instead on input line 1945.

 [44]
[45] [46] [47]

LaTeX Warning: Citation `DeuarGaugeP' on page 48 undefined on input line 2153.

[48]

LaTeX Warning: Citation `Titulaer1966density' on page 49 undefined on input lin
e 2201.


LaTeX Warning: Citation `Reid1986' on page 49 undefined on input line 2201.

[49] [50] [51] [52]
Overfull \hbox (1.8752pt too wide) in paragraph at lines 2426--2429
[]\OT1/cmr/m/n/10.95 The sum-ma-tion over ex-po-nen-tially many pat-terns im-pl
e-mented by GCPs (see Eq.([]3.81[])
 []

[53]
chapter 5.
[54


] [55{/usr/local/texlive/2023/texmf-dist/fonts/enc/dvips/cm-super/cm-super-t1.e
nc}] [56] [57] [58] [59] [60] [61]
Overfull \hbox (5.55116pt too wide) in paragraph at lines 2868--2875
[]\OT1/cmr/m/n/10.95 An un-nor-mal-ized in-verse re-sults in the orig-i-nal ar-
ray mul-ti-plied by $\OML/cmm/m/it/10.95 N[]=\OT1/cmr/m/n/10.95 2 = [] \OML/cmm
/m/it/10.95 =\OT1/cmr/m/n/10.95 2$,
 []

[62] [63] [64] [65] [66]
part II.
Package scrkbase Info: You've told me to use the font selection of the element
(scrkbase)             `partprefix' that is an alias of element `partnumber'
(scrkbase)              on input line 3103.
[67


]
chapter 6.

Underfull \hbox (badness 10000) in paragraph at lines 3121--3133

 []

[68


]
<Wiener_1.pdf, id=1029, 562.1pt x 421.575pt>
File: Wiener_1.pdf Graphic file (type pdf)
<use Wiener_1.pdf>
Package pdftex.def Info: Wiener_1.pdf  used on input line 3184.
(pdftex.def)             Requested size: 313.69167pt x 235.26985pt.
 [69 <./Wiener_1.pdf>] [70]
Underfull \hbox (badness 10000) in paragraph at lines 3300--3302

 []

LaTeX Font Info:    Font shape `OMS/cmr/m/it' in size <10.95> not available
(Font)              Font shape `OMS/cmsy/m/n' tried instead on input line 3329.


Overfull \hbox (2.93091pt too wide) in paragraph at lines 3304--3336
 [] 
 []

[71]
Underfull \hbox (badness 10000) in paragraph at lines 3349--3352

 []


Overfull \hbox (3.13339pt too wide) in paragraph at lines 3354--3367
 [] 
 []


LaTeX Warning: Reference `sec:xSIM-parameters' on page 72 undefined on input li
ne 3372.


LaTeX Warning: Reference `sec:xGRAPH-reference' on page 72 undefined on input l
ine 3372.

[72]
LaTeX Font Info:    Trying to load font information for OMS+cmtt on input line 
3447.
LaTeX Font Info:    No file OMScmtt.fd. on input line 3447.


LaTeX Font Warning: Font shape `OMS/cmtt/m/n' undefined
(Font)              using `OMS/cmsy/m/n' instead
(Font)              for symbol `textbraceleft' on input line 3447.


LaTeX Warning: Reference `sec:xSIM-parameters' on page 73 undefined on input li
ne 3450.

[73] [74]
LaTeX Font Info:    Trying to load font information for OML+cmtt on input line 
3550.
LaTeX Font Info:    No file OMLcmtt.fd. on input line 3550.


LaTeX Font Warning: Font shape `OML/cmtt/m/n' undefined
(Font)              using `OML/cmm/m/it' instead
(Font)              for symbol `textless' on input line 3550.

[75] [76]
Underfull \hbox (badness 10000) in paragraph at lines 3673--3676

 []


Underfull \hbox (badness 10000) in paragraph at lines 3689--3690

 []

[77]
<Wiener_2.pdf, id=1104, 562.1pt x 421.575pt>
File: Wiener_2.pdf Graphic file (type pdf)
<use Wiener_2.pdf>
Package pdftex.def Info: Wiener_2.pdf  used on input line 3714.
(pdftex.def)             Requested size: 313.69167pt x 235.26985pt.
 [78 <./Wiener_2.pdf>] [79] [80]
<Laser.pdf, id=1142, 562.1pt x 421.575pt>
File: Laser.pdf Graphic file (type pdf)
<use Laser.pdf>
Package pdftex.def Info: Laser.pdf  used on input line 3921.
(pdftex.def)             Requested size: 313.69167pt x 235.26985pt.
<Black-Scholes.pdf, id=1145, 562.1pt x 421.575pt>
File: Black-Scholes.pdf Graphic file (type pdf)
<use Black-Scholes.pdf>
Package pdftex.def Info: Black-Scholes.pdf  used on input line 3963.
(pdftex.def)             Requested size: 313.69167pt x 235.26985pt.
 [81]
Overfull \hbox (1.03867pt too wide) in paragraph at lines 3982--3988
\OT1/cmr/m/n/10.95 This ex-am-ple in-volves a full non-lin-ear quan-tum phase-s
pace sim-u-la-tion us-ing the positive-
 []

[82 <./Laser.pdf>] [83 <./Black-Scholes.pdf>]

LaTeX Warning: Reference `sec:xGRAPH-reference' on page 84 undefined on input l
ine 4076.

[84]
chapter 7.
[85


] [86] [87]
LaTeX Font Info:    Trying to load font information for OMS+cmss on input line 
4262.
LaTeX Font Info:    No file OMScmss.fd. on input line 4262.


LaTeX Font Warning: Font shape `OMS/cmss/bx/n' undefined
(Font)              using `OMS/cmsy/m/n' instead
(Font)              for symbol `textbraceleft' on input line 4262.

[88] [89]

LaTeX Font Warning: Font shape `OT1/cmss/bx/it' undefined
(Font)              using `OT1/cmss/bx/n' instead on input line 4383.

[90]
Underfull \hbox (badness 10000) in paragraph at lines 4479--4498

 []

[91]
LaTeX Font Info:    Trying to load font information for OML+cmr on input line 4
511.
 (/usr/local/texlive/2023/texmf-dist/tex/latex/base/omlcmr.fd
File: omlcmr.fd 2022/07/10 v2.5l Standard LaTeX font definitions
)
LaTeX Font Info:    Font shape `OML/cmr/m/it' in size <10.95> not available
(Font)              Font shape `OML/cmm/m/it' tried instead on input line 4511.

 [92]
[93]
chapter 8.

Overfull \hbox (19.89136pt too wide) in paragraph at lines 4609--4612
[]\OT1/cmr/m/n/10.95 - this is used to treat a normally-ordered gauge P-represe
ntation,
 []


Overfull \hbox (25.24472pt too wide) in paragraph at lines 4612--4616
[]\OT1/cmr/m/n/10.95 - this is used to treat a normally-ordered gauge P-represe
ntation
 []

[94


] [95] (/usr/local/texlive/2023/texmf-dist/tex/latex/base/latin9.def
File: latin9.def 2021/02/14 v1.3d Input encoding file
)
Overfull \hbox (5.6587pt too wide) in paragraph at lines 4705--4706
[][][][][][][][][][][][][][][][][][][][][][] 
 []

LaTeX Font Info:    Font shape `OML/cmr/m/n' in size <10.95> not available
(Font)              Font shape `OML/cmm/m/it' tried instead on input line 4708.

(/usr/local/texlive/2023/texmf-dist/tex/latex/base/utf8.def
File: utf8.def 2022/06/07 v1.3c UTF-8 support
)

LaTeX Warning: Reference `sec:xqSIM-reference' on page 96 undefined on input li
ne 4730.

[96]
Overfull \hbox (32.3895pt too wide) in paragraph at lines 4735--4771
 [] 
 []

[97] [98]
chapter 9.
<Multi-Wiener.pdf, id=1317, 562.1pt x 421.575pt>
File: Multi-Wiener.pdf Graphic file (type pdf)
<use Multi-Wiener.pdf>
Package pdftex.def Info: Multi-Wiener.pdf  used on input line 4838.
(pdftex.def)             Requested size: 313.69167pt x 235.26985pt.
[99


 <./Multi-Wiener.pdf>]
Overfull \hbox (0.9616pt too wide) in paragraph at lines 4863--4887
 [] 
 []

[100]
Overfull \hbox (7.63896pt too wide) in paragraph at lines 4949--4955
\OT1/cmr/m/n/10.95 We want to con-sider $10\OML/cmm/m/it/10.95 ; \OT1/cmr/m/n/1
0.95 000$ stochas-tic tra-jec-to-ries per sub-ensemble with$10$ sub-ensembles.
 []

[101]
<simple_SPDE1.png, id=1343, 421.575pt x 316.3017pt>
File: simple_SPDE1.png Graphic file (type png)
<use simple_SPDE1.png>
Package pdftex.def Info: simple_SPDE1.png  used on input line 4987.
(pdftex.def)             Requested size: 209.12778pt x 156.90524pt.
<simple_SPDE2.png, id=1345, 421.575pt x 316.3017pt>
File: simple_SPDE2.png Graphic file (type png)
<use simple_SPDE2.png>
Package pdftex.def Info: simple_SPDE2.png  used on input line 4987.
(pdftex.def)             Requested size: 209.12778pt x 156.90524pt.
 [102 <./simple_SPDE1.png> <./simple_SPDE2.png>] [103] [104]
<TwoD-example.png, id=1375, 811.1103pt x 505.89pt>
File: TwoD-example.png Graphic file (type png)
<use TwoD-example.png>
Package pdftex.def Info: TwoD-example.png  used on input line 5199.
(pdftex.def)             Requested size: 209.12778pt x 130.43216pt.
<TwoD-example1.png, id=1376, 562.0197pt x 421.575pt>
File: TwoD-example1.png Graphic file (type png)
<use TwoD-example1.png>
Package pdftex.def Info: TwoD-example1.png  used on input line 5199.
(pdftex.def)             Requested size: 209.12778pt x 156.86801pt.
 [105]
<TwoD-example-direct.png, id=1386, 562.0197pt x 421.575pt>
File: TwoD-example-direct.png Graphic file (type png)
<use TwoD-example-direct.png>
Package pdftex.def Info: TwoD-example-direct.png  used on input line 5268.
(pdftex.def)             Requested size: 209.12778pt x 156.86801pt.
<TwoD-example-direct1.png, id=1387, 562.0197pt x 421.575pt>
File: TwoD-example-direct1.png Graphic file (type png)
<use TwoD-example-direct1.png>
Package pdftex.def Info: TwoD-example-direct1.png  used on input line 5268.
(pdftex.def)             Requested size: 209.12778pt x 156.86801pt.

[106 <./TwoD-example.png> <./TwoD-example1.png>] [107 <./TwoD-example-direct.pn
g> <./TwoD-example-direct1.png>] [108] [109] [110]
Overfull \hbox (0.611pt too wide) in paragraph at lines 5526--5534
[]\OT1/cmr/m/n/10.95 During prop-a-ga-tion in time, $\OT1/cmr/bx/n/10.95 w \OT1
/cmr/m/n/10.95 = []$ are real noise fields that are delta-correlated
 []

[111]
<Scan.png, id=1440, 562.0197pt x 421.575pt>
File: Scan.png Graphic file (type png)
<use Scan.png>
Package pdftex.def Info: Scan.png  used on input line 5559.
(pdftex.def)             Requested size: 313.69167pt x 235.30846pt.
 [112 <./Scan.png>] [113] [114] [115]
<GinzLand.png, id=1479, 562.0197pt x 421.575pt>
File: GinzLand.png Graphic file (type png)
<use GinzLand.png>
Package pdftex.def Info: GinzLand.png  used on input line 5828.
(pdftex.def)             Requested size: 313.69167pt x 235.30846pt.
 [116] [117 <./GinzLand.png>]
Underfull \hbox (badness 10000) in paragraph at lines 5959--5961

 []


Underfull \hbox (badness 10000) in paragraph at lines 5968--5970

 []


Underfull \hbox (badness 10000) in paragraph at lines 5977--5979

 []

[118] [119] [120] [121] [122] [123]
part III.
Package scrkbase Info: You've told me to use the font selection of the element
(scrkbase)             `partprefix' that is an alias of element `partnumber'
(scrkbase)              on input line 6210.
[124


]
chapter 10.
[125


] [126] [127] [128] [129]
Overfull \hbox (37.01953pt too wide) in paragraph at lines 6524--6534
\OT1/cmr/m/n/10.95 un-changed. If they are com-plex, weights such that $[] [] \
OML/cmm/m/it/10.95 < thresholdw= []$
 []

[130] [131] [132]
Overfull \hbox (8.38719pt too wide) in paragraph at lines 6661--6662
[]\OT1/cmr/m/n/10.95 Catenoid - \OT1/cmr/m/it/10.95 Cat-proj \OT1/cmr/m/n/10.95
 - uses fixed co-ef-fi-cients de-fined by $\OML/cmm/m/it/10.95 f \OT1/cmr/m/n/1
0.95 = (\OML/cmm/m/it/10.95 x[]\OT1/cmr/m/n/10.95 )[] + (\OML/cmm/m/it/10.95 x[
]\OT1/cmr/m/n/10.95 )[] \OMS/cmss/bx/n/10.95 ^^@ \OT1/cmr/m/n/10.95 (\OML/cmm/m
/it/10.95 sinh\OT1/cmr/m/n/10.95 (\OML/cmm/m/it/10.95 x[]\OT1/cmr/m/n/10.95 ))[
] \OMS/cmss/bx/n/10.95 ^^@
 []

[133] [134] [135] [136] [137] [138] [139]
LaTeX Font Info:    Font shape `OMS/cmr/bx/it' in size <10.95> not available
(Font)              Font shape `OMS/cmsy/b/n' tried instead on input line 7106.

 [140] [141] [142] [143] [144]
[145] [146]
chapter 11.
[147


] [148] [149]
Overfull \hbox (29.0144pt too wide) in paragraph at lines 7630--7708
[][] 
 []

[150]
Underfull \hbox (badness 10000) in paragraph at lines 7711--7715

 []

[151]
Underfull \hbox (badness 10000) in paragraph at lines 7716--7750

 []


Underfull \hbox (badness 10000) in paragraph at lines 7763--7767

 []


Underfull \hbox (badness 10000) in paragraph at lines 7768--7782

 []

[152]
Underfull \hbox (badness 10000) in paragraph at lines 7836--7837

 []


Underfull \hbox (badness 10000) in paragraph at lines 7838--7856

 []


Underfull \hbox (badness 10000) in paragraph at lines 7866--7867

 []

[153]
Underfull \hbox (badness 10000) in paragraph at lines 7868--7888

 []

[154]

LaTeX Warning: Reference `sec:Solving-an-SSE' on page 155 undefined on input li
ne 7976.


Underfull \hbox (badness 10000) in paragraph at lines 7981--7982

 []

[155] [156]
Overfull \hbox (9.3425pt too wide) in paragraph at lines 8122--8126
\OT1/cmr/m/n/10.95 Returns the momentum-space fil-ter func-tion for the prop-a-
ga-tion noise terms in momentum-
 []

[157] [158] [159] [160]
Underfull \hbox (badness 10000) in paragraph at lines 8313--8314

 []

[161] [162] [163]
Overfull \hbox (68.71071pt too wide) in paragraph at lines 8474--8552
[][] 
 []

[164] [165] [166] [167] [168]
Underfull \hbox (badness 10000) in paragraph at lines 8764--8765

 []


Overfull \hbox (64.9973pt too wide) in paragraph at lines 8766--8840
[][] 
 []

[169] [170]
<xGraphfig1.pdf, id=1931, 562.1pt x 421.575pt>
File: xGraphfig1.pdf Graphic file (type pdf)
<use xGraphfig1.pdf>
Package pdftex.def Info: xGraphfig1.pdf  used on input line 8879.
(pdftex.def)             Requested size: 209.12778pt x 156.84229pt.
<xGraphfig2.pdf, id=1932, 562.1pt x 421.575pt>
File: xGraphfig2.pdf Graphic file (type pdf)
<use xGraphfig2.pdf>
Package pdftex.def Info: xGraphfig2.pdf  used on input line 8879.
(pdftex.def)             Requested size: 209.12778pt x 156.84229pt.
 [171 <./xGraphfig1.pdf> <./xGraphfig2.pdf>] [172]
Overfull \hbox (38.6806pt too wide) in paragraph at lines 8955--8958
[]\OT1/cmr/m/n/10.95 However, the raw data from a sim-u-la-tion typ-i-cally in-
cludes many tra-jec-to-ries if $\OML/cmm/m/it/10.95 ensembles\OT1/cmr/m/n/10.95
 (1) \OML/cmm/m/it/10.95 >
 []

[173]
Overfull \hbox (20.60713pt too wide) in paragraph at lines 9046--9051
\OT1/cmr/m/n/10.95 The \OT1/cmr/m/it/10.95 pdi-men-sion \OT1/cmr/m/n/10.95 in-p
ut sets the max-i-mum plot-ted di-men-sions. For ex-am-ple, $\OML/cmm/m/it/10.9
5 pdimension\OMS/cmss/bx/n/10.95 f\OT1/cmr/m/n/10.95 1\OMS/cmss/bx/n/10.95 g \O
T1/cmr/m/n/10.95 =
 []

[174] [175] [176] [177]

LaTeX Font Warning: Font shape `OMS/cmss/bx/it' undefined
(Font)              using `OMS/cmss/bx/n' instead
(Font)              for symbol `textbraceleft' on input line 9246.

[178] [179] [180] [181] [182] [183] [184] [185] [186] [187]
chapter 12.
[188


]
<Kubo-example1.pdf, id=2079, 562.1pt x 421.575pt>
File: Kubo-example1.pdf Graphic file (type pdf)
<use Kubo-example1.pdf>
Package pdftex.def Info: Kubo-example1.pdf  used on input line 9806.
(pdftex.def)             Requested size: 313.69167pt x 235.26985pt.
<Kubo-example2.pdf, id=2080, 562.1pt x 421.575pt>
File: Kubo-example2.pdf Graphic file (type pdf)
<use Kubo-example2.pdf>
Package pdftex.def Info: Kubo-example2.pdf  used on input line 9807.
(pdftex.def)             Requested size: 313.69167pt x 235.26985pt.
 [189] [190 <./Kubo-example1.pdf> <./Kubo-example2.pdf>]
Overfull \hbox (16.4575pt too wide) in paragraph at lines 9819--9822
\OT1/cmr/m/n/10.95 This solves an SDE with a com-plex Gaus-sian dis-tributed in
i-tial con-di-tion hav-ing $[] =
 []

<Gain-example1.pdf, id=2107, 402.50375pt x 326.21875pt>
File: Gain-example1.pdf Graphic file (type pdf)
<use Gain-example1.pdf>
Package pdftex.def Info: Gain-example1.pdf  used on input line 9885.
(pdftex.def)             Requested size: 313.69167pt x 254.24052pt.
<Gain-example2.pdf, id=2108, 562.1pt x 421.575pt>
File: Gain-example2.pdf Graphic file (type pdf)
<use Gain-example2.pdf>
Package pdftex.def Info: Gain-example2.pdf  used on input line 9886.
(pdftex.def)             Requested size: 313.69167pt x 235.26985pt.
[191] [192 <./Gain-example1.pdf> <./Gain-example2.pdf>]
<Equilibrium-example1.pdf, id=2138, 562.1pt x 421.575pt>
File: Equilibrium-example1.pdf Graphic file (type pdf)
<use Equilibrium-example1.pdf>
Package pdftex.def Info: Equilibrium-example1.pdf  used on input line 9963.
(pdftex.def)             Requested size: 313.69167pt x 235.26985pt.
<Equilibrium-example2.pdf, id=2139, 562.1pt x 421.575pt>
File: Equilibrium-example2.pdf Graphic file (type pdf)
<use Equilibrium-example2.pdf>
Package pdftex.def Info: Equilibrium-example2.pdf  used on input line 9964.
(pdftex.def)             Requested size: 313.69167pt x 235.26985pt.
 [193] [194 <./Equilibrium-example1.pdf> <./Equilibrium-example2.pdf>] [195]
<Quantum-example1.pdf, id=2178, 562.1pt x 421.575pt>
File: Quantum-example1.pdf Graphic file (type pdf)
<use Quantum-example1.pdf>
Package pdftex.def Info: Quantum-example1.pdf  used on input line 10067.
(pdftex.def)             Requested size: 313.69167pt x 235.26985pt.
<Quantum-example2.pdf, id=2179, 562.1pt x 421.575pt>
File: Quantum-example2.pdf Graphic file (type pdf)
<use Quantum-example2.pdf>
Package pdftex.def Info: Quantum-example2.pdf  used on input line 10069.
(pdftex.def)             Requested size: 313.69167pt x 235.26985pt.
 [196] [197 <./Quantum-example1.pdf> <./Quantum-example2.pdf>]
<Wienerprob1.png, id=2203, 421.575pt x 316.3017pt>
File: Wienerprob1.png Graphic file (type png)
<use Wienerprob1.png>
Package pdftex.def Info: Wienerprob1.png  used on input line 10161.
(pdftex.def)             Requested size: 313.69167pt x 235.3627pt.
<Wienerprob3.png, id=2204, 421.575pt x 316.3017pt>
File: Wienerprob3.png Graphic file (type png)
<use Wienerprob3.png>
Package pdftex.def Info: Wienerprob3.png  used on input line 10164.
(pdftex.def)             Requested size: 313.69167pt x 235.3627pt.
 [198]
<Wienerprob2.png, id=2214, 421.575pt x 316.3017pt>
File: Wienerprob2.png Graphic file (type png)
<use Wienerprob2.png>
Package pdftex.def Info: Wienerprob2.png  used on input line 10178.
(pdftex.def)             Requested size: 313.69167pt x 235.3627pt.
<Wienerprob4.png, id=2215, 421.575pt x 316.3017pt>
File: Wienerprob4.png Graphic file (type png)
<use Wienerprob4.png>
Package pdftex.def Info: Wienerprob4.png  used on input line 10181.
(pdftex.def)             Requested size: 313.69167pt x 235.3627pt.
 [199 <./Wienerprob1.png> <./Wienerprob3.png>] [200 <./Wienerprob2.png> <./Wien
erprob4.png>]
Overfull \hbox (14.2074pt too wide) in paragraph at lines 10218--10220
[]\OT1/cmr/m/n/10.95 The bound-ary con-di-tions are spec-i-fied with \OT1/cmr/m
/it/10.95 p.boundaries\OMS/cmss/bx/n/10.95 f\OT1/cmr/m/it/10.95 2\OMS/cmss/bx/n
/10.95 g\OT1/cmr/m/it/10.95 , \OT1/cmr/m/n/10.95 which is the x-dimension. 
 []

[201]

pdfTeX warning: pdflatex (file ./NLS_Neumann.pdf): PDF inclusion: found PDF ver
sion <1.7>, but at most version <1.5> allowed
<NLS_Neumann.pdf, id=2241, 562.1pt x 421.575pt>
File: NLS_Neumann.pdf Graphic file (type pdf)
<use NLS_Neumann.pdf>
Package pdftex.def Info: NLS_Neumann.pdf  used on input line 10267.
(pdftex.def)             Requested size: 313.69167pt x 235.26985pt.


pdfTeX warning: pdflatex (file ./NLS_Neumann_deriv.pdf): PDF inclusion: found P
DF version <1.7>, but at most version <1.5> allowed
<NLS_Neumann_deriv.pdf, id=2242, 562.1pt x 421.575pt>
File: NLS_Neumann_deriv.pdf Graphic file (type pdf)
<use NLS_Neumann_deriv.pdf>
Package pdftex.def Info: NLS_Neumann_deriv.pdf  used on input line 10269.
(pdftex.def)             Requested size: 313.69167pt x 235.26985pt.
Class scrbook Info: Workaround for not recommended usage of \\ or
(scrbook)           \newlinein caption text  on input line 10276.
[202 <./NLS_Neumann.pdf> <./NLS_Neumann_deriv.pdf>]
Underfull \hbox (badness 10000) in paragraph at lines 10390--10392

 []


Underfull \hbox (badness 10000) in paragraph at lines 10399--10401

 []


Underfull \hbox (badness 10000) in paragraph at lines 10409--10411

 []

[203]
<Planar1.png, id=2272, 562.0197pt x 421.575pt>
File: Planar1.png Graphic file (type png)
<use Planar1.png>
Package pdftex.def Info: Planar1.png  used on input line 10426.
(pdftex.def)             Requested size: 313.69167pt x 235.30846pt.
<Planar2.png, id=2273, 562.0197pt x 421.575pt>
File: Planar2.png Graphic file (type png)
<use Planar2.png>
Package pdftex.def Info: Planar2.png  used on input line 10428.
(pdftex.def)             Requested size: 313.69167pt x 235.30846pt.
 [204]
<Planar4image.png, id=2278, 562.0197pt x 421.575pt>
File: Planar4image.png Graphic file (type png)
<use Planar4image.png>
Package pdftex.def Info: Planar4image.png  used on input line 10439.
(pdftex.def)             Requested size: 313.69167pt x 235.30846pt.
<Planar4.png, id=2279, 562.0197pt x 421.575pt>
File: Planar4.png Graphic file (type png)
<use Planar4.png>
Package pdftex.def Info: Planar4.png  used on input line 10441.
(pdftex.def)             Requested size: 313.69167pt x 235.30846pt.
 [205 <./Planar1.png> <./Planar2.png>] [206 <./Planar4image.png> <./Planar4.png
>] [207]
<GPE-vortex-example1.png, id=2304, 421.575pt x 316.3017pt>
File: GPE-vortex-example1.png Graphic file (type png)
<use GPE-vortex-example1.png>
Package pdftex.def Info: GPE-vortex-example1.png  used on input line 10554.
(pdftex.def)             Requested size: 313.69167pt x 235.3627pt.
<GPE-vortex-example2.png, id=2305, 421.575pt x 316.3017pt>
File: GPE-vortex-example2.png Graphic file (type png)
<use GPE-vortex-example2.png>
Package pdftex.def Info: GPE-vortex-example2.png  used on input line 10556.
(pdftex.def)             Requested size: 313.69167pt x 235.3627pt.
 [208]
<GPE-vortex-example3.png, id=2310, 421.575pt x 316.3017pt>
File: GPE-vortex-example3.png Graphic file (type png)
<use GPE-vortex-example3.png>
Package pdftex.def Info: GPE-vortex-example3.png  used on input line 10566.
(pdftex.def)             Requested size: 313.69167pt x 235.3627pt.
<GPE-vortex-example4.png, id=2311, 421.575pt x 316.3017pt>
File: GPE-vortex-example4.png Graphic file (type png)
<use GPE-vortex-example4.png>
Package pdftex.def Info: GPE-vortex-example4.png  used on input line 10568.
(pdftex.def)             Requested size: 313.69167pt x 235.3627pt.
 [209 <./GPE-vortex-example1.png> <./GPE-vortex-example2.png>] [210 <./GPE-vort
ex-example3.png> <./GPE-vortex-example4.png>] [211]
[212]
Overfull \vbox (82.70407pt too high) has occurred while \output is active []


[213]

pdfTeX warning: pdflatex (file ./Boundaries.pdf): PDF inclusion: found PDF vers
ion <1.7>, but at most version <1.5> allowed
<Boundaries.pdf, id=2363, 562.1pt x 421.575pt>
File: Boundaries.pdf Graphic file (type pdf)
<use Boundaries.pdf>
Package pdftex.def Info: Boundaries.pdf  used on input line 10804.
(pdftex.def)             Requested size: 313.69167pt x 235.26985pt.


pdfTeX warning: pdflatex (file ./BoundariesNN.pdf): PDF inclusion: found PDF ve
rsion <1.7>, but at most version <1.5> allowed
<BoundariesNN.pdf, id=2364, 562.1pt x 421.575pt>
File: BoundariesNN.pdf Graphic file (type pdf)
<use BoundariesNN.pdf>
Package pdftex.def Info: BoundariesNN.pdf  used on input line 10806.
(pdftex.def)             Requested size: 313.69167pt x 235.26985pt.
[214 <./Boundaries.pdf> <./BoundariesNN.pdf>]
<Catenoid-example1.pdf, id=2381, 402.50375pt x 326.21875pt>
File: Catenoid-example1.pdf Graphic file (type pdf)
<use Catenoid-example1.pdf>
Package pdftex.def Info: Catenoid-example1.pdf  used on input line 10886.
(pdftex.def)             Requested size: 313.69167pt x 254.24052pt.
 [215]
<Catenoid-example2.pdf, id=2391, 562.1pt x 421.575pt>
File: Catenoid-example2.pdf Graphic file (type pdf)
<use Catenoid-example2.pdf>
Package pdftex.def Info: Catenoid-example2.pdf  used on input line 10899.
(pdftex.def)             Requested size: 313.69167pt x 235.26985pt.
 [216 <./Catenoid-example1.pdf>] [217 <./Catenoid-example2.pdf>] [218]
<SSElin1.png, id=2425, 372.4314pt x 312.2064pt>
File: SSElin1.png Graphic file (type png)
<use SSElin1.png>
Package pdftex.def Info: SSElin1.png  used on input line 11063.
(pdftex.def)             Requested size: 250.95587pt x 210.3777pt.
<SSElin2.png, id=2426, 388.3308pt x 312.2064pt>
File: SSElin2.png Graphic file (type png)
<use SSElin2.png>
Package pdftex.def Info: SSElin2.png  used on input line 11064.
(pdftex.def)             Requested size: 250.95587pt x 201.75984pt.
 [219] [220 <./SSElin1.png (PNG copy)> <./SSElin2.png (PNG copy)>] [221]
<SSElin2r_1.png, id=2445, 383.9946pt x 312.2064pt>
File: SSElin2r_1.png Graphic file (type png)
<use SSElin2r_1.png>
Package pdftex.def Info: SSElin2r_1.png  used on input line 11211.
(pdftex.def)             Requested size: 313.69167pt x 255.0629pt.
<SSElin2r_2.png, id=2446, 376.2858pt x 312.2064pt>
File: SSElin2r_2.png Graphic file (type png)
<use SSElin2r_2.png>
Package pdftex.def Info: SSElin2r_2.png  used on input line 11212.
(pdftex.def)             Requested size: 313.69167pt x 260.26982pt.
 [222] [223 <./SSElin2r_1.png (PNG copy)> <./SSElin2r_2.png (PNG copy)>] [224]
<SSEnonlin1.png, id=2468, 389.2944pt x 312.2064pt>
File: SSEnonlin1.png Graphic file (type png)
<use SSEnonlin1.png>
Package pdftex.def Info: SSEnonlin1.png  used on input line 11336.
(pdftex.def)             Requested size: 313.69167pt x 251.58049pt.
<SSEnonlin2.png, id=2469, 381.5856pt x 312.2064pt>
File: SSEnonlin2.png Graphic file (type png)
<use SSEnonlin2.png>
Package pdftex.def Info: SSEnonlin2.png  used on input line 11337.
(pdftex.def)             Requested size: 313.69167pt x 256.66832pt.
 [225] [226 <./SSEnonlin1.png (PNG copy)> <./SSEnonlin2.png (PNG copy)>] (./xSP
DE4_users_guide.bbl (./xSPDE4_users_guide.brf)
\tf@brf=\write6
\openout6 = `xSPDE4_users_guide.brf'.

 [227] [228


] [229] [230] [231] [232] [233] [234]
Underfull \hbox (badness 1521) in paragraph at lines 635--635
[]\OT1/cmr/m/n/10.95 M. R. Hush, S. S. Szigeti, A. R. R. Car-valho and J. J. Ho
pe,  \OT1/cmr/m/it/10.95 Con-
 []

) [235] (./xSPDE4_users_guide.aux)

LaTeX Font Warning: Some font shapes were not available, defaults substituted.


LaTeX Warning: There were undefined references.

Package rerunfilecheck Info: File `xSPDE4_users_guide.out' has not changed.
(rerunfilecheck)             Checksum: D41D8CD98F00B204E9800998ECF8427E;0.
Package rerunfilecheck Info: File `xSPDE4_users_guide.brf' has not changed.
(rerunfilecheck)             Checksum: 121A42D6B78BCDEF351D7962F422DE0C;6649.
 ) 
Here is how much of TeX's memory you used:
 18133 strings out of 476025
 314903 string characters out of 5790018
 1880388 words of memory out of 5000000
 37124 multiletter control sequences out of 15000+600000
 531816 words of font info for 104 fonts, out of 8000000 for 9000
 1141 hyphenation exceptions out of 8191
 108i,26n,106p,10640b,1557s stack positions out of 10000i,1000n,20000p,200000b,200000s
</usr/local/texlive/2023/texmf-dist/fonts/type1/public/amsfonts/cm/cmbsy10.pf
b></usr/local/texlive/2023/texmf-dist/fonts/type1/public/amsfonts/cm/cmbx10.pfb
></usr/local/texlive/2023/texmf-dist/fonts/type1/public/amsfonts/cm/cmbx6.pfb><
/usr/local/texlive/2023/texmf-dist/fonts/type1/public/amsfonts/cm/cmbx8.pfb></u
sr/local/texlive/2023/texmf-dist/fonts/type1/public/amsfonts/cm/cmbxti10.pfb></
usr/local/texlive/2023/texmf-dist/fonts/type1/public/amsfonts/cm/cmex10.pfb></u
sr/local/texlive/2023/texmf-dist/fonts/type1/public/amsfonts/cmextra/cmex8.pfb>
</usr/local/texlive/2023/texmf-dist/fonts/type1/public/amsfonts/cm/cmitt10.pfb>
</usr/local/texlive/2023/texmf-dist/fonts/type1/public/amsfonts/cm/cmmi10.pfb><
/usr/local/texlive/2023/texmf-dist/fonts/type1/public/amsfonts/cm/cmmi12.pfb></
usr/local/texlive/2023/texmf-dist/fonts/type1/public/amsfonts/cm/cmmi6.pfb></us
r/local/texlive/2023/texmf-dist/fonts/type1/public/amsfonts/cm/cmmi8.pfb></usr/
local/texlive/2023/texmf-dist/fonts/type1/public/amsfonts/cm/cmmib10.pfb></usr/
local/texlive/2023/texmf-dist/fonts/type1/public/amsfonts/cmextra/cmmib8.pfb></
usr/local/texlive/2023/texmf-dist/fonts/type1/public/amsfonts/cm/cmr10.pfb></us
r/local/texlive/2023/texmf-dist/fonts/type1/public/amsfonts/cm/cmr12.pfb></usr/
local/texlive/2023/texmf-dist/fonts/type1/public/amsfonts/cm/cmr6.pfb></usr/loc
al/texlive/2023/texmf-dist/fonts/type1/public/amsfonts/cm/cmr8.pfb></usr/local/
texlive/2023/texmf-dist/fonts/type1/public/amsfonts/cm/cmsl10.pfb></usr/local/t
exlive/2023/texmf-dist/fonts/type1/public/amsfonts/cm/cmssbx10.pfb></usr/local/
texlive/2023/texmf-dist/fonts/type1/public/amsfonts/cm/cmsy10.pfb></usr/local/t
exlive/2023/texmf-dist/fonts/type1/public/amsfonts/cm/cmsy6.pfb></usr/local/tex
live/2023/texmf-dist/fonts/type1/public/amsfonts/cm/cmsy8.pfb></usr/local/texli
ve/2023/texmf-dist/fonts/type1/public/amsfonts/cm/cmti10.pfb></usr/local/texliv
e/2023/texmf-dist/fonts/type1/public/amsfonts/cm/cmtt10.pfb></usr/local/texlive
/2023/texmf-dist/fonts/type1/public/esint-type1/esint10.pfb></usr/local/texlive
/2023/texmf-dist/fonts/type1/public/cm-super/sfrm1095.pfb>
Output written on xSPDE4_users_guide.pdf (235 pages, 4774505 bytes).
PDF statistics:
 3407 PDF objects out of 3580 (max. 8388607)
 2971 compressed objects within 30 object streams
 1220 named destinations out of 1440 (max. 500000)
 1148 words of extra memory for PDF output out of 10000 (max. 10000000)

